<?xml version="1.0" encoding="UTF-8"?>
<!-- Generated by org.testng.reporters.JUnitXMLReporter -->
<testsuite ignored="0" hostname="LTIN486675" failures="0" tests="10" name="Test" time="118.66" errors="0" timestamp="2024-04-06T15:01:54 IST">
  <testcase classname="testCases.Test_001_CourseraSearchWebDev" name="searchForCourses" time="5.358"/>
  <testcase classname="testCases.Test_001_CourseraSearchWebDev" name="Applyfilters" time="3.544"/>
  <testcase classname="testCases.Test_001_CourseraSearchWebDev" name="selectFirstCourse" time="3.889"/>
  <testcase classname="testCases.Test_001_CourseraSearchWebDev" name="getFirstCourseData" time="5.852"/>
  <testcase classname="testCases.Test_001_CourseraSearchWebDev" name="selectSecondCourse" time="0.219"/>
  <testcase classname="testCases.Test_001_CourseraSearchWebDev" name="getSecondCourseData" time="5.438"/>
  <testcase classname="testCases.TC3Languagelearn" name="searchbox" time="5.1"/>
  <testcase classname="testCases.TC3Languagelearn" name="languagescourses" time="32.0"/>
  <testcase classname="testCases.TC4enterprises" name="forEnterprise" time="14.259"/>
  <testcase classname="testCases.TC4enterprises" name="submitForm" time="2.521"/>
</testsuite> <!-- Test -->
