<?xml version="1.0" encoding="UTF-8"?>
<!-- Generated by org.testng.reporters.JUnitXMLReporter -->
<testsuite ignored="0" hostname="LTIN486675" failures="0" tests="10" name="Test" time="115.155" errors="0" timestamp="2024-04-05T22:48:01 IST">
  <testcase classname="testCases.Test_001_CourseraSearchWebDev" name="searchForCourses" time="5.164"/>
  <testcase classname="testCases.Test_001_CourseraSearchWebDev" name="Applyfilters" time="4.06"/>
  <testcase classname="testCases.Test_001_CourseraSearchWebDev" name="selectFirstCourse" time="4.122"/>
  <testcase classname="testCases.Test_001_CourseraSearchWebDev" name="getFirstCourseData" time="5.812"/>
  <testcase classname="testCases.Test_001_CourseraSearchWebDev" name="selectSecondCourse" time="0.147"/>
  <testcase classname="testCases.Test_001_CourseraSearchWebDev" name="getSecondCourseData" time="5.311"/>
  <testcase classname="testCases.TC3Languagelearn" name="searchbox" time="5.227"/>
  <testcase classname="testCases.TC3Languagelearn" name="languagescourses" time="29.63"/>
  <testcase classname="testCases.TC4enterprises" name="forEnterprise" time="13.825"/>
  <testcase classname="testCases.TC4enterprises" name="submitForm" time="1.983"/>
</testsuite> <!-- Test -->
