<?xml version="1.0" encoding="UTF-8"?>
<!-- Generated by org.testng.reporters.JUnitXMLReporter -->
<testsuite ignored="0" hostname="LTIN486675" failures="0" tests="10" name="Test1" time="107.617" errors="0" timestamp="2024-04-06T13:04:17 IST">
  <testcase classname="testCases.Test_001_CourseraSearchWebDev" name="searchForCourses" time="3.981"/>
  <testcase classname="testCases.Test_001_CourseraSearchWebDev" name="Applyfilters" time="3.602"/>
  <testcase classname="testCases.Test_001_CourseraSearchWebDev" name="selectFirstCourse" time="4.246"/>
  <testcase classname="testCases.Test_001_CourseraSearchWebDev" name="getFirstCourseData" time="5.389"/>
  <testcase classname="testCases.Test_001_CourseraSearchWebDev" name="selectSecondCourse" time="0.213"/>
  <testcase classname="testCases.Test_001_CourseraSearchWebDev" name="getSecondCourseData" time="5.285"/>
  <testcase classname="testCases.TC3Languagelearn" name="searchbox" time="4.047"/>
  <testcase classname="testCases.TC3Languagelearn" name="languagescourses" time="31.152"/>
  <testcase classname="testCases.TC4enterprises" name="forEnterprise" time="11.672"/>
  <testcase classname="testCases.TC4enterprises" name="submitForm" time="1.956"/>
</testsuite> <!-- Test1 -->
