<?xml version="1.0" encoding="UTF-8"?>
<testng-results ignored="0" total="1" passed="1" failed="0" skipped="0">
  <reporter-output>
  </reporter-output>
  <suite started-at="2024-04-04T14:53:32 IST" name="Suite" finished-at="2024-04-04T14:54:41 IST" duration-ms="68790">
    <groups>
    </groups>
    <test started-at="2024-04-04T14:53:32 IST" name="Test" finished-at="2024-04-04T14:54:41 IST" duration-ms="68790">
      <class name="testCases.Test_001_CourseraSearchWebDev">
        <test-method is-config="true" signature="InitializeBrowser(java.lang.String)[pri:0, instance:testCases.Test_001_CourseraSearchWebDev@31190526]" started-at="2024-04-04T14:53:33 IST" name="InitializeBrowser" finished-at="2024-04-04T14:54:16 IST" duration-ms="43783" status="PASS">
          <params>
            <param index="0">
              <value>
                <![CDATA[edge]]>
              </value>
            </param>
          </params>
          <reporter-output>
          </reporter-output>
        </test-method> <!-- InitializeBrowser -->
        <test-method signature="searchCourses()[pri:0, instance:testCases.Test_001_CourseraSearchWebDev@31190526]" started-at="2024-04-04T14:54:16 IST" name="searchCourses" finished-at="2024-04-04T14:54:41 IST" duration-ms="24518" status="PASS">
          <reporter-output>
          </reporter-output>
        </test-method> <!-- searchCourses -->
        <test-method is-config="true" signature="closeBrowser()[pri:0, instance:testCases.Test_001_CourseraSearchWebDev@31190526]" started-at="2024-04-04T14:54:42 IST" name="closeBrowser" finished-at="2024-04-04T14:54:48 IST" duration-ms="5691" status="PASS">
          <reporter-output>
          </reporter-output>
        </test-method> <!-- closeBrowser -->
      </class> <!-- testCases.Test_001_CourseraSearchWebDev -->
    </test> <!-- Test -->
  </suite> <!-- Suite -->
</testng-results>
