<?xml version="1.0" encoding="UTF-8"?>
<testng-results ignored="0" total="10" passed="10" failed="0" skipped="0">
  <reporter-output>
  </reporter-output>
  <suite started-at="2024-04-05T22:46:05 IST" name="Suite" finished-at="2024-04-05T22:48:00 IST" duration-ms="115155">
    <groups>
      <group name="sanity">
        <method signature="TC4enterprises.forEnterprise()[pri:0, instance:testCases.TC4enterprises@7eac9008]" name="forEnterprise" class="testCases.TC4enterprises"/>
        <method signature="TC3Languagelearn.searchbox()[pri:1, instance:testCases.TC3Languagelearn@1fa121e2]" name="searchbox" class="testCases.TC3Languagelearn"/>
      </group> <!-- sanity -->
    </groups>
    <test started-at="2024-04-05T22:46:05 IST" name="Test" finished-at="2024-04-05T22:48:00 IST" duration-ms="115155">
      <class name="testCases.Test_001_CourseraSearchWebDev">
        <test-method is-config="true" signature="InitializeBrowser(java.lang.String)[pri:0, instance:testCases.Test_001_CourseraSearchWebDev@3eb738bb]" started-at="2024-04-05T22:46:05 IST" name="InitializeBrowser" finished-at="2024-04-05T22:46:17 IST" duration-ms="11959" status="PASS">
          <params>
            <param index="0">
              <value>
                <![CDATA[chrome]]>
              </value>
            </param>
          </params>
          <reporter-output>
          </reporter-output>
        </test-method> <!-- InitializeBrowser -->
        <test-method signature="searchForCourses()[pri:0, instance:testCases.Test_001_CourseraSearchWebDev@3eb738bb]" started-at="2024-04-05T22:46:17 IST" name="searchForCourses" finished-at="2024-04-05T22:46:22 IST" duration-ms="5164" status="PASS">
          <reporter-output>
          </reporter-output>
        </test-method> <!-- searchForCourses -->
        <test-method signature="Applyfilters()[pri:1, instance:testCases.Test_001_CourseraSearchWebDev@3eb738bb]" started-at="2024-04-05T22:46:23 IST" name="Applyfilters" finished-at="2024-04-05T22:46:27 IST" duration-ms="4060" status="PASS">
          <reporter-output>
          </reporter-output>
        </test-method> <!-- Applyfilters -->
        <test-method signature="selectFirstCourse()[pri:2, instance:testCases.Test_001_CourseraSearchWebDev@3eb738bb]" started-at="2024-04-05T22:46:27 IST" name="selectFirstCourse" finished-at="2024-04-05T22:46:31 IST" duration-ms="4122" status="PASS">
          <reporter-output>
          </reporter-output>
        </test-method> <!-- selectFirstCourse -->
        <test-method signature="getFirstCourseData()[pri:3, instance:testCases.Test_001_CourseraSearchWebDev@3eb738bb]" started-at="2024-04-05T22:46:31 IST" name="getFirstCourseData" finished-at="2024-04-05T22:46:37 IST" duration-ms="5812" status="PASS">
          <reporter-output>
          </reporter-output>
        </test-method> <!-- getFirstCourseData -->
        <test-method signature="selectSecondCourse()[pri:4, instance:testCases.Test_001_CourseraSearchWebDev@3eb738bb]" started-at="2024-04-05T22:46:37 IST" name="selectSecondCourse" finished-at="2024-04-05T22:46:37 IST" duration-ms="147" status="PASS">
          <reporter-output>
          </reporter-output>
        </test-method> <!-- selectSecondCourse -->
        <test-method signature="getSecondCourseData()[pri:5, instance:testCases.Test_001_CourseraSearchWebDev@3eb738bb]" started-at="2024-04-05T22:46:38 IST" name="getSecondCourseData" finished-at="2024-04-05T22:46:43 IST" duration-ms="5311" status="PASS">
          <reporter-output>
          </reporter-output>
        </test-method> <!-- getSecondCourseData -->
        <test-method is-config="true" signature="closeBrowser()[pri:0, instance:testCases.Test_001_CourseraSearchWebDev@3eb738bb]" started-at="2024-04-05T22:46:43 IST" name="closeBrowser" finished-at="2024-04-05T22:46:46 IST" duration-ms="3445" status="PASS">
          <reporter-output>
          </reporter-output>
        </test-method> <!-- closeBrowser -->
      </class> <!-- testCases.Test_001_CourseraSearchWebDev -->
      <class name="testCases.TC4enterprises">
        <test-method is-config="true" signature="InitializeBrowser(java.lang.String)[pri:0, instance:testCases.TC4enterprises@7eac9008]" started-at="2024-04-05T22:47:32 IST" name="InitializeBrowser" finished-at="2024-04-05T22:47:40 IST" duration-ms="8339" status="PASS">
          <params>
            <param index="0">
              <value>
                <![CDATA[chrome]]>
              </value>
            </param>
          </params>
          <reporter-output>
          </reporter-output>
        </test-method> <!-- InitializeBrowser -->
        <test-method signature="forEnterprise()[pri:0, instance:testCases.TC4enterprises@7eac9008]" started-at="2024-04-05T22:47:40 IST" name="forEnterprise" finished-at="2024-04-05T22:47:54 IST" duration-ms="13825" status="PASS">
          <reporter-output>
          </reporter-output>
        </test-method> <!-- forEnterprise -->
        <test-method signature="submitForm()[pri:1, instance:testCases.TC4enterprises@7eac9008]" started-at="2024-04-05T22:47:54 IST" name="submitForm" finished-at="2024-04-05T22:47:56 IST" duration-ms="1983" status="PASS">
          <reporter-output>
          </reporter-output>
        </test-method> <!-- submitForm -->
        <test-method is-config="true" signature="closeBrowser()[pri:0, instance:testCases.TC4enterprises@7eac9008]" started-at="2024-04-05T22:47:57 IST" name="closeBrowser" finished-at="2024-04-05T22:48:00 IST" duration-ms="3021" status="PASS">
          <reporter-output>
          </reporter-output>
        </test-method> <!-- closeBrowser -->
      </class> <!-- testCases.TC4enterprises -->
      <class name="testCases.TC3Languagelearn">
        <test-method is-config="true" signature="InitializeBrowser(java.lang.String)[pri:0, instance:testCases.TC3Languagelearn@1fa121e2]" started-at="2024-04-05T22:46:46 IST" name="InitializeBrowser" finished-at="2024-04-05T22:46:54 IST" duration-ms="7567" status="PASS">
          <params>
            <param index="0">
              <value>
                <![CDATA[chrome]]>
              </value>
            </param>
          </params>
          <reporter-output>
          </reporter-output>
        </test-method> <!-- InitializeBrowser -->
        <test-method signature="searchbox()[pri:1, instance:testCases.TC3Languagelearn@1fa121e2]" started-at="2024-04-05T22:46:54 IST" name="searchbox" finished-at="2024-04-05T22:46:59 IST" duration-ms="5227" status="PASS">
          <reporter-output>
          </reporter-output>
        </test-method> <!-- searchbox -->
        <test-method signature="languagescourses()[pri:2, instance:testCases.TC3Languagelearn@1fa121e2]" started-at="2024-04-05T22:46:59 IST" name="languagescourses" finished-at="2024-04-05T22:47:29 IST" duration-ms="29630" status="PASS">
          <reporter-output>
          </reporter-output>
        </test-method> <!-- languagescourses -->
        <test-method is-config="true" signature="closeBrowser()[pri:0, instance:testCases.TC3Languagelearn@1fa121e2]" started-at="2024-04-05T22:47:29 IST" name="closeBrowser" finished-at="2024-04-05T22:47:32 IST" duration-ms="2790" status="PASS">
          <reporter-output>
          </reporter-output>
        </test-method> <!-- closeBrowser -->
      </class> <!-- testCases.TC3Languagelearn -->
    </test> <!-- Test -->
  </suite> <!-- Suite -->
</testng-results>
